* using log directory ‘/Users/jonaswallin/repos/LangLong/LANGlong.Rcheck’
* using R version 3.2.2 (2015-08-14)
* using platform: x86_64-apple-darwin13.4.0 (64-bit)
* using session charset: UTF-8
* using option ‘--as-cran’
* checking for file ‘LANGlong/DESCRIPTION’ ... OK
* checking extension type ... Package
* this is package ‘LANGlong’ version ‘1.0’
* checking package namespace information ... OK
* checking package dependencies ... OK
* checking if this is a source package ... OK
* checking if there is a namespace ... OK
* checking for executable files ... OK
* checking for hidden files and directories ... OK
* checking for portable file names ... OK
* checking for sufficient/correct file permissions ... OK
* checking whether package ‘LANGlong’ can be installed ... ERROR
Installation failed.
See ‘/Users/jonaswallin/repos/LangLong/LANGlong.Rcheck/00install.out’ for details.
* DONE
Status: 1 ERROR
